{"message":"App is running at port 3000","level":"info","service":"customer-tracker"}
{"message":"App is running at port 3000","level":"info","service":"customer-tracker"}
{"message":"App is running at port 3000","level":"info","service":"customer-tracker"}
{"message":"App is running at port 3000","level":"info","service":"customer-tracker"}
{"message":"App is running at port 3000","level":"info","service":"customer-tracker"}
{"message":"App is running at port 3000","level":"info","service":"customer-tracker"}
{"message":"App is running at port 3000","level":"info","service":"customer-tracker"}
{"message":"App is running at port 3000","level":"info","service":"customer-tracker"}
{"message":"App is running at port 3000","level":"info","service":"customer-tracker"}
{"message":"App is running at port 3000","level":"info","service":"customer-tracker"}
{"message":"App is running at port 3000","level":"info","service":"customer-tracker"}
{"message":"App is running at port 3000","level":"info","service":"customer-tracker"}
{"message":"App is running at port 3000","level":"info","service":"customer-tracker"}
{"message":"App is running at port 3000","level":"info","service":"customer-tracker"}
{"message":"App is running at port 3000","level":"info","service":"customer-tracker"}
{"message":"It works by city","level":"info","service":"customer-tracker"}
{"message":"It works by city","level":"info","service":"customer-tracker"}
{"message":"It works by city","level":"info","service":"customer-tracker"}
{"message":"It works by city","level":"info","service":"customer-tracker"}
{"message":"App is running at port 3000","level":"info","service":"customer-tracker"}
{"message":"It works by city","level":"info","service":"customer-tracker"}
{"message":"App is running at port 3000","level":"info","service":"customer-tracker"}
{"message":"It works by city","level":"info","service":"customer-tracker"}
{"message":"App is running at port 3000","level":"info","service":"customer-tracker"}
{"message":"App is running at port 3000","level":"info","service":"customer-tracker"}
{"message":"Chicago","level":"info","service":"customer-tracker"}
{"message":"San Antonio","level":"info","service":"customer-tracker"}
{"message":"App is running at port 3000","level":"info","service":"customer-tracker"}
{"message":"App is running at port 3000","level":"info","service":"customer-tracker"}
{"message":"App is running at port 3000","level":"info","service":"customer-tracker"}
{"message":"App is running at port 3000","level":"info","service":"customer-tracker"}
{"message":"App is running at port 3000","level":"info","service":"customer-tracker"}
{"message":"App is running at port 3000","level":"info","service":"customer-tracker"}
{"message":"App is running at port 3000","level":"info","service":"customer-tracker"}
{"message":"App is running at port 3000","level":"info","service":"customer-tracker"}
{"message":"App is running at port 3000","level":"info","service":"customer-tracker"}
{"message":"App is running at port 3000","level":"info","service":"customer-tracker"}
{"message":"App is running at port 3000","level":"info","service":"customer-tracker"}
{"message":"App is running at port 3000","level":"info","service":"customer-tracker"}
{"message":"App is running at port 1234","level":"info","service":"customer-tracker"}
{"message":"App is running at port 1234","level":"info","service":"customer-tracker"}
{"message":"App is running at port 1234","level":"info","service":"customer-tracker"}
{"message":"App is running at port 1234","level":"info","service":"customer-tracker"}
{"message":"App is running at port 3000","level":"info","service":"customer-tracker"}
{"message":"App is running at port 3000","level":"info","service":"customer-tracker"}
{"message":"App is running at port 3000","level":"info","service":"customer-tracker"}
{"message":"App is running at port 3000","level":"info","service":"customer-tracker"}
{"level":"error","service":"customer-tracker"}
{"message":"App is running at port 3000","level":"info","service":"customer-tracker"}
{"level":"error","service":"customer-tracker"}
{"message":"App is running at port 3000","level":"info","service":"customer-tracker"}
{"level":"error","service":"customer-tracker"}
{"level":"error","service":"customer-tracker"}
{"level":"error","service":"customer-tracker"}
{"message":"App is running at port 3000","level":"info","service":"customer-tracker"}
{"message":"App is running at port 3000","level":"info","service":"customer-tracker"}
{"message":"App is running at port 3000","level":"info","service":"customer-tracker"}
{"message":"App is running at port 3000","level":"info","service":"customer-tracker"}
{"message":"App is running at port 3000","level":"info","service":"customer-tracker"}
{"message":"App is running at port 3000","level":"info","service":"customer-tracker"}
{"message":"App is running at port 3000","level":"info","service":"customer-tracker"}
{"message":"App is running at port 3000","level":"info","service":"customer-tracker"}
{"message":"App is running at port 3000","level":"info","service":"customer-tracker"}
